[
  {
    "level": "INFO",
    "message": "android.ndkVersion from module build.gradle is [21.3.6528147]"
  },
  {
    "level": "INFO",
    "message": "android.ndkPath from module build.gradle is not set"
  },
  {
    "level": "INFO",
    "message": "ndk.dir in local.properties is C:\\Users\\Asus\\AppData\\Local\\Android\\Sdk\\ndk\\22.1.7171670"
  },
  {
    "level": "INFO",
    "message": "Not considering ANDROID_NDK_HOME because support was removed after deprecation period."
  },
  {
    "level": "INFO",
    "message": "sdkFolder is C:\\Users\\Asus\\AppData\\Local\\Android\\Sdk"
  },
  {
    "level": "ERROR",
    "message": "NDK from ndk.dir at C:\\Users\\Asus\\AppData\\Local\\Android\\Sdk\\ndk\\22.1.7171670 had version [22.1.7171670] which disagrees with android.ndkVersion [21.3.6528147]"
  }
]